  Background.cpp
c:\users\dmarcos\source\repos\myrepo\engine\background.cpp(6): error C2065: 'x': identificador no declarado
c:\users\dmarcos\source\repos\myrepo\engine\background.cpp(6): error C2065: 'y': identificador no declarado
c:\users\dmarcos\source\repos\myrepo\engine\background.cpp(6): error C2661: 'Graphics::PutPixel': ninguna función sobrecargada acepta 4 argumentos
c:\users\dmarcos\source\repos\myrepo\engine\background.cpp(7): error C2065: 'x': identificador no declarado
c:\users\dmarcos\source\repos\myrepo\engine\background.cpp(7): error C2065: 'y': identificador no declarado
c:\users\dmarcos\source\repos\myrepo\engine\background.cpp(7): error C2661: 'Graphics::PutPixel': ninguna función sobrecargada acepta 4 argumentos
c:\users\dmarcos\source\repos\myrepo\engine\background.cpp(8): error C2065: 'x': identificador no declarado
c:\users\dmarcos\source\repos\myrepo\engine\background.cpp(8): error C2065: 'y': identificador no declarado
c:\users\dmarcos\source\repos\myrepo\engine\background.cpp(8): error C2661: 'Graphics::PutPixel': ninguna función sobrecargada acepta 4 argumentos
c:\users\dmarcos\source\repos\myrepo\engine\background.cpp(9): error C2065: 'x': identificador no declarado
c:\users\dmarcos\source\repos\myrepo\engine\background.cpp(9): error C2065: 'y': identificador no declarado
c:\users\dmarcos\source\repos\myrepo\engine\background.cpp(9): error C2661: 'Graphics::PutPixel': ninguna función sobrecargada acepta 4 argumentos
c:\users\dmarcos\source\repos\myrepo\engine\background.cpp(10): error C2065: 'x': identificador no declarado
c:\users\dmarcos\source\repos\myrepo\engine\background.cpp(10): error C2065: 'y': identificador no declarado
c:\users\dmarcos\source\repos\myrepo\engine\background.cpp(10): error C2661: 'Graphics::PutPixel': ninguna función sobrecargada acepta 4 argumentos
c:\users\dmarcos\source\repos\myrepo\engine\background.cpp(11): error C2065: 'x': identificador no declarado
c:\users\dmarcos\source\repos\myrepo\engine\background.cpp(11): error C2065: 'y': identificador no declarado
c:\users\dmarcos\source\repos\myrepo\engine\background.cpp(11): error C2661: 'Graphics::PutPixel': ninguna función sobrecargada acepta 4 argumentos
c:\users\dmarcos\source\repos\myrepo\engine\background.cpp(12): error C2065: 'x': identificador no declarado
c:\users\dmarcos\source\repos\myrepo\engine\background.cpp(12): error C2065: 'y': identificador no declarado
c:\users\dmarcos\source\repos\myrepo\engine\background.cpp(12): error C2661: 'Graphics::PutPixel': ninguna función sobrecargada acepta 4 argumentos
c:\users\dmarcos\source\repos\myrepo\engine\background.cpp(13): error C2065: 'x': identificador no declarado
c:\users\dmarcos\source\repos\myrepo\engine\background.cpp(13): error C2065: 'y': identificador no declarado
c:\users\dmarcos\source\repos\myrepo\engine\background.cpp(13): error C2661: 'Graphics::PutPixel': ninguna función sobrecargada acepta 4 argumentos
c:\users\dmarcos\source\repos\myrepo\engine\background.cpp(14): error C2065: 'x': identificador no declarado
c:\users\dmarcos\source\repos\myrepo\engine\background.cpp(14): error C2065: 'y': identificador no declarado
c:\users\dmarcos\source\repos\myrepo\engine\background.cpp(14): error C2661: 'Graphics::PutPixel': ninguna función sobrecargada acepta 4 argumentos
c:\users\dmarcos\source\repos\myrepo\engine\background.cpp(15): error C2065: 'x': identificador no declarado
c:\users\dmarcos\source\repos\myrepo\engine\background.cpp(15): error C2065: 'y': identificador no declarado
c:\users\dmarcos\source\repos\myrepo\engine\background.cpp(15): error C2661: 'Graphics::PutPixel': ninguna función sobrecargada acepta 4 argumentos
c:\users\dmarcos\source\repos\myrepo\engine\background.cpp(16): error C2065: 'x': identificador no declarado
c:\users\dmarcos\source\repos\myrepo\engine\background.cpp(16): error C2065: 'y': identificador no declarado
c:\users\dmarcos\source\repos\myrepo\engine\background.cpp(16): error C2661: 'Graphics::PutPixel': ninguna función sobrecargada acepta 4 argumentos
c:\users\dmarcos\source\repos\myrepo\engine\background.cpp(17): error C2065: 'x': identificador no declarado
c:\users\dmarcos\source\repos\myrepo\engine\background.cpp(17): error C2065: 'y': identificador no declarado
c:\users\dmarcos\source\repos\myrepo\engine\background.cpp(17): error C2661: 'Graphics::PutPixel': ninguna función sobrecargada acepta 4 argumentos
c:\users\dmarcos\source\repos\myrepo\engine\background.cpp(18): error C2065: 'x': identificador no declarado
c:\users\dmarcos\source\repos\myrepo\engine\background.cpp(18): error C2065: 'y': identificador no declarado
c:\users\dmarcos\source\repos\myrepo\engine\background.cpp(18): error C2661: 'Graphics::PutPixel': ninguna función sobrecargada acepta 4 argumentos
c:\users\dmarcos\source\repos\myrepo\engine\background.cpp(19): error C2065: 'x': identificador no declarado
c:\users\dmarcos\source\repos\myrepo\engine\background.cpp(19): error C2065: 'y': identificador no declarado
c:\users\dmarcos\source\repos\myrepo\engine\background.cpp(19): error C2661: 'Graphics::PutPixel': ninguna función sobrecargada acepta 4 argumentos
c:\users\dmarcos\source\repos\myrepo\engine\background.cpp(20): error C2065: 'x': identificador no declarado
c:\users\dmarcos\source\repos\myrepo\engine\background.cpp(20): error C2065: 'y': identificador no declarado
c:\users\dmarcos\source\repos\myrepo\engine\background.cpp(20): error C2661: 'Graphics::PutPixel': ninguna función sobrecargada acepta 4 argumentos
c:\users\dmarcos\source\repos\myrepo\engine\background.cpp(21): error C2065: 'x': identificador no declarado
c:\users\dmarcos\source\repos\myrepo\engine\background.cpp(21): error C2065: 'y': identificador no declarado
c:\users\dmarcos\source\repos\myrepo\engine\background.cpp(21): error C2661: 'Graphics::PutPixel': ninguna función sobrecargada acepta 4 argumentos
c:\users\dmarcos\source\repos\myrepo\engine\background.cpp(22): error C2065: 'x': identificador no declarado
c:\users\dmarcos\source\repos\myrepo\engine\background.cpp(22): error C2065: 'y': identificador no declarado
c:\users\dmarcos\source\repos\myrepo\engine\background.cpp(22): error C2661: 'Graphics::PutPixel': ninguna función sobrecargada acepta 4 argumentos
c:\users\dmarcos\source\repos\myrepo\engine\background.cpp(23): error C2065: 'x': identificador no declarado
c:\users\dmarcos\source\repos\myrepo\engine\background.cpp(23): error C2065: 'y': identificador no declarado
c:\users\dmarcos\source\repos\myrepo\engine\background.cpp(23): error C2661: 'Graphics::PutPixel': ninguna función sobrecargada acepta 4 argumentos
c:\users\dmarcos\source\repos\myrepo\engine\background.cpp(24): error C2065: 'x': identificador no declarado
c:\users\dmarcos\source\repos\myrepo\engine\background.cpp(24): error C2065: 'y': identificador no declarado
c:\users\dmarcos\source\repos\myrepo\engine\background.cpp(24): error C2661: 'Graphics::PutPixel': ninguna función sobrecargada acepta 4 argumentos
c:\users\dmarcos\source\repos\myrepo\engine\background.cpp(25): error C2065: 'x': identificador no declarado
c:\users\dmarcos\source\repos\myrepo\engine\background.cpp(25): error C2065: 'y': identificador no declarado
c:\users\dmarcos\source\repos\myrepo\engine\background.cpp(25): error C2661: 'Graphics::PutPixel': ninguna función sobrecargada acepta 4 argumentos
c:\users\dmarcos\source\repos\myrepo\engine\background.cpp(26): error C2065: 'x': identificador no declarado
c:\users\dmarcos\source\repos\myrepo\engine\background.cpp(26): error C2065: 'y': identificador no declarado
c:\users\dmarcos\source\repos\myrepo\engine\background.cpp(26): error C2661: 'Graphics::PutPixel': ninguna función sobrecargada acepta 4 argumentos
c:\users\dmarcos\source\repos\myrepo\engine\background.cpp(27): error C2065: 'x': identificador no declarado
c:\users\dmarcos\source\repos\myrepo\engine\background.cpp(27): error C2065: 'y': identificador no declarado
c:\users\dmarcos\source\repos\myrepo\engine\background.cpp(27): error C2661: 'Graphics::PutPixel': ninguna función sobrecargada acepta 4 argumentos
c:\users\dmarcos\source\repos\myrepo\engine\background.cpp(28): error C2065: 'x': identificador no declarado
c:\users\dmarcos\source\repos\myrepo\engine\background.cpp(28): error C2065: 'y': identificador no declarado
c:\users\dmarcos\source\repos\myrepo\engine\background.cpp(28): error C2661: 'Graphics::PutPixel': ninguna función sobrecargada acepta 4 argumentos
c:\users\dmarcos\source\repos\myrepo\engine\background.cpp(29): error C2065: 'x': identificador no declarado
c:\users\dmarcos\source\repos\myrepo\engine\background.cpp(29): error C2065: 'y': identificador no declarado
c:\users\dmarcos\source\repos\myrepo\engine\background.cpp(29): error C2661: 'Graphics::PutPixel': ninguna función sobrecargada acepta 4 argumentos
c:\users\dmarcos\source\repos\myrepo\engine\background.cpp(30): error C2065: 'x': identificador no declarado
c:\users\dmarcos\source\repos\myrepo\engine\background.cpp(30): error C2065: 'y': identificador no declarado
c:\users\dmarcos\source\repos\myrepo\engine\background.cpp(30): error C2661: 'Graphics::PutPixel': ninguna función sobrecargada acepta 4 argumentos
c:\users\dmarcos\source\repos\myrepo\engine\background.cpp(31): error C2065: 'x': identificador no declarado
c:\users\dmarcos\source\repos\myrepo\engine\background.cpp(31): error C2065: 'y': identificador no declarado
c:\users\dmarcos\source\repos\myrepo\engine\background.cpp(31): error C2661: 'Graphics::PutPixel': ninguna función sobrecargada acepta 4 argumentos
c:\users\dmarcos\source\repos\myrepo\engine\background.cpp(32): error C2065: 'x': identificador no declarado
c:\users\dmarcos\source\repos\myrepo\engine\background.cpp(32): error C2065: 'y': identificador no declarado
c:\users\dmarcos\source\repos\myrepo\engine\background.cpp(32): error C2661: 'Graphics::PutPixel': ninguna función sobrecargada acepta 4 argumentos
c:\users\dmarcos\source\repos\myrepo\engine\background.cpp(33): error C2065: 'x': identificador no declarado
c:\users\dmarcos\source\repos\myrepo\engine\background.cpp(33): error C2065: 'y': identificador no declarado
c:\users\dmarcos\source\repos\myrepo\engine\background.cpp(33): error C2661: 'Graphics::PutPixel': ninguna función sobrecargada acepta 4 argumentos
c:\users\dmarcos\source\repos\myrepo\engine\background.cpp(34): error C2065: 'x': identificador no declarado
c:\users\dmarcos\source\repos\myrepo\engine\background.cpp(34): error C2065: 'y': identificador no declarado
c:\users\dmarcos\source\repos\myrepo\engine\background.cpp(34): error C2661: 'Graphics::PutPixel': ninguna función sobrecargada acepta 4 argumentos
c:\users\dmarcos\source\repos\myrepo\engine\background.cpp(35): error C2065: 'x': identificador no declarado
c:\users\dmarcos\source\repos\myrepo\engine\background.cpp(35): error C2065: 'y': identificador no declarado
c:\users\dmarcos\source\repos\myrepo\engine\background.cpp(35): error C2661: 'Graphics::PutPixel': ninguna función sobrecargada acepta 4 argumentos
c:\users\dmarcos\source\repos\myrepo\engine\background.cpp(36): error C2065: 'x': identificador no declarado
c:\users\dmarcos\source\repos\myrepo\engine\background.cpp(36): error C2065: 'y': identificador no declarado
c:\users\dmarcos\source\repos\myrepo\engine\background.cpp(36): error C2661: 'Graphics::PutPixel': ninguna función sobrecargada acepta 4 argumentos
c:\users\dmarcos\source\repos\myrepo\engine\background.cpp(37): error C2065: 'x': identificador no declarado
c:\users\dmarcos\source\repos\myrepo\engine\background.cpp(37): error C2065: 'y': identificador no declarado
c:\users\dmarcos\source\repos\myrepo\engine\background.cpp(37): error C2661: 'Graphics::PutPixel': ninguna función sobrecargada acepta 4 argumentos
c:\users\dmarcos\source\repos\myrepo\engine\background.cpp(38): error C2065: 'x': identificador no declarado
c:\users\dmarcos\source\repos\myrepo\engine\background.cpp(38): error C2065: 'y': identificador no declarado
c:\users\dmarcos\source\repos\myrepo\engine\background.cpp(38): error C2661: 'Graphics::PutPixel': ninguna función sobrecargada acepta 4 argumentos
c:\users\dmarcos\source\repos\myrepo\engine\background.cpp(39): error C2065: 'x': identificador no declarado
c:\users\dmarcos\source\repos\myrepo\engine\background.cpp(39): error C2065: 'y': identificador no declarado
c:\users\dmarcos\source\repos\myrepo\engine\background.cpp(39): fatal error C1003: el recuento de errores supera 100; se detiene la compilación
  Game.cpp
  Main.cpp
  MainWindow.cpp
  Generando código...
